{"E:\\E_AllCode\\vue2.0-project\\vue-typeScript\\src\\components\\Head.vue": {"path":"E:\\E_AllCode\\vue2.0-project\\vue-typeScript\\src\\components\\Head.vue","statementMap":{"0":{"start":{"line":13,"column":0},"end":{"line":13,"column":null}},"1":{"start":{"line":20,"column":0},"end":{"line":20,"column":null}},"2":{"start":{"line":24,"column":0},"end":{"line":24,"column":null}},"3":{"start":{"line":20,"column":0},"end":{"line":15,"column":null}}},"fnMap":{"0":{"name":"(anonymous_1)","decl":{"start":{"line":22,"column":0},"end":{"line":22,"column":null}},"loc":{"start":{"line":22,"column":0},"end":{"line":25,"column":null}}}},"branchMap":{},"s":{"0":1,"1":1,"2":1,"3":1},"f":{"0":1},"b":{}}
,"E:\\E_AllCode\\vue2.0-project\\vue-typeScript\\src\\components\\ListItem.vue": {"path":"E:\\E_AllCode\\vue2.0-project\\vue-typeScript\\src\\components\\ListItem.vue","statementMap":{"0":{"start":{"line":17,"column":0},"end":{"line":17,"column":null}},"1":{"start":{"line":22,"column":0},"end":{"line":22,"column":null}},"2":{"start":{"line":33,"column":0},"end":{"line":33,"column":null}},"3":{"start":{"line":38,"column":0},"end":{"line":42,"column":null}},"4":{"start":{"line":39,"column":0},"end":{"line":39,"column":null}},"5":{"start":{"line":41,"column":0},"end":{"line":41,"column":null}},"6":{"start":{"line":47,"column":0},"end":{"line":47,"column":null}},"7":{"start":{"line":51,"column":0},"end":{"line":51,"column":null}},"8":{"start":{"line":25,"column":0},"end":{"line":25,"column":null}},"9":{"start":{"line":46,"column":0},"end":{"line":46,"column":null}},"10":{"start":{"line":50,"column":0},"end":{"line":50,"column":null}}},"fnMap":{"0":{"name":"(anonymous_1)","decl":{"start":{"line":27,"column":0},"end":{"line":27,"column":null}},"loc":{"start":{"line":27,"column":0},"end":{"line":27,"column":null}}},"1":{"name":"(anonymous_2)","decl":{"start":{"line":32,"column":0},"end":{"line":32,"column":null}},"loc":{"start":{"line":32,"column":0},"end":{"line":34,"column":null}}},"2":{"name":"(anonymous_3)","decl":{"start":{"line":37,"column":0},"end":{"line":37,"column":null}},"loc":{"start":{"line":37,"column":0},"end":{"line":43,"column":null}}},"3":{"name":"(anonymous_4)","decl":{"start":{"line":46,"column":0},"end":{"line":46,"column":null}},"loc":{"start":{"line":46,"column":0},"end":{"line":48,"column":null}}},"4":{"name":"(anonymous_5)","decl":{"start":{"line":50,"column":0},"end":{"line":50,"column":null}},"loc":{"start":{"line":50,"column":0},"end":{"line":52,"column":null}}}},"branchMap":{"0":{"loc":{"start":{"line":38,"column":0},"end":{"line":42,"column":null}},"type":"if","locations":[{"start":{"line":38,"column":0},"end":{"line":42,"column":null}},{"start":{"line":38,"column":0},"end":{"line":42,"column":null}}]}},"s":{"0":1,"1":2,"2":4,"3":2,"4":1,"5":1,"6":1,"7":1,"8":1,"9":1,"10":1},"f":{"0":4,"1":4,"2":2,"3":1,"4":1},"b":{"0":[1,1]}}
,"E:\\E_AllCode\\vue2.0-project\\vue-typeScript\\src\\store\\actions.ts": {"path":"E:\\E_AllCode\\vue2.0-project\\vue-typeScript\\src\\store\\actions.ts","statementMap":{"0":{"start":{"line":2,"column":0},"end":{"line":2,"column":34}},"1":{"start":{"line":6,"column":4},"end":{"line":6,"column":null}},"2":{"start":{"line":7,"column":23},"end":{"line":7,"column":59}},"3":{"start":{"line":8,"column":4},"end":{"line":8,"column":null}},"4":{"start":{"line":11,"column":13},"end":{"line":19,"column":null}},"5":{"start":{"line":13,"column":8},"end":{"line":13,"column":37}},"6":{"start":{"line":16,"column":23},"end":{"line":16,"column":45}},"7":{"start":{"line":17,"column":8},"end":{"line":17,"column":42}}},"fnMap":{"0":{"name":"getData","decl":{"start":{"line":5,"column":9},"end":{"line":5,"column":16}},"loc":{"start":{"line":5,"column":16},"end":{"line":9,"column":1}}},"1":{"name":"(anonymous_1)","decl":{"start":{"line":12,"column":4},"end":{"line":12,"column":16}},"loc":{"start":{"line":12,"column":42},"end":{"line":14,"column":5}}},"2":{"name":"(anonymous_2)","decl":{"start":{"line":15,"column":4},"end":{"line":15,"column":9}},"loc":{"start":{"line":15,"column":32},"end":{"line":18,"column":5}}}},"branchMap":{},"s":{"0":2,"1":1,"2":1,"3":1,"4":2,"5":2,"6":1,"7":1},"f":{"0":1,"1":2,"2":1},"b":{}}
,"E:\\E_AllCode\\vue2.0-project\\vue-typeScript\\src\\store\\data.ts": {"path":"E:\\E_AllCode\\vue2.0-project\\vue-typeScript\\src\\store\\data.ts","statementMap":{"0":{"start":{"line":1,"column":11},"end":{"line":9,"column":null}}},"fnMap":{},"branchMap":{},"s":{"0":2},"f":{},"b":{}}
,"E:\\E_AllCode\\vue2.0-project\\vue-typeScript\\src\\store\\index.ts": {"path":"E:\\E_AllCode\\vue2.0-project\\vue-typeScript\\src\\store\\index.ts","statementMap":{"0":{"start":{"line":1,"column":0},"end":{"line":1,"column":22}},"1":{"start":{"line":2,"column":0},"end":{"line":2,"column":24}},"2":{"start":{"line":4,"column":0},"end":{"line":4,"column":14}},"3":{"start":{"line":6,"column":0},"end":{"line":6,"column":30}},"4":{"start":{"line":7,"column":0},"end":{"line":7,"column":34}},"5":{"start":{"line":8,"column":0},"end":{"line":8,"column":38}},"6":{"start":{"line":10,"column":0},"end":{"line":16,"column":3}}},"fnMap":{},"branchMap":{},"s":{"0":2,"1":2,"2":2,"3":2,"4":2,"5":2,"6":2},"f":{},"b":{}}
,"E:\\E_AllCode\\vue2.0-project\\vue-typeScript\\src\\store\\mutations.ts": {"path":"E:\\E_AllCode\\vue2.0-project\\vue-typeScript\\src\\store\\mutations.ts","statementMap":{"0":{"start":{"line":1,"column":0},"end":{"line":1,"column":33}},"1":{"start":{"line":4,"column":11},"end":{"line":12,"column":null}},"2":{"start":{"line":6,"column":6},"end":{"line":6,"column":77}},"3":{"start":{"line":7,"column":6},"end":{"line":7,"column":74}},"4":{"start":{"line":10,"column":6},"end":{"line":10,"column":25}}},"fnMap":{"0":{"name":"(anonymous_0)","decl":{"start":{"line":5,"column":4},"end":{"line":5,"column":15}},"loc":{"start":{"line":5,"column":41},"end":{"line":8,"column":5}}},"1":{"name":"(anonymous_1)","decl":{"start":{"line":9,"column":4},"end":{"line":9,"column":14}},"loc":{"start":{"line":9,"column":39},"end":{"line":11,"column":5}}}},"branchMap":{},"s":{"0":2,"1":2,"2":2,"3":2,"4":1},"f":{"0":2,"1":1},"b":{}}
,"E:\\E_AllCode\\vue2.0-project\\vue-typeScript\\src\\store\\state.ts": {"path":"E:\\E_AllCode\\vue2.0-project\\vue-typeScript\\src\\store\\state.ts","statementMap":{"0":{"start":{"line":1,"column":11},"end":{"line":6,"column":null}}},"fnMap":{},"branchMap":{},"s":{"0":2},"f":{},"b":{}}
}
