TN:
SF:E:\E_AllCode\vue2.0-project\vue-typeScript\src\components\Head.vue
FN:22,(anonymous_1)
FNF:1
FNH:1
FNDA:1,(anonymous_1)
DA:13,1
DA:20,1
DA:24,1
LF:3
LH:3
BRF:0
BRH:0
end_of_record
TN:
SF:E:\E_AllCode\vue2.0-project\vue-typeScript\src\components\ListItem.vue
FN:27,(anonymous_1)
FN:32,(anonymous_2)
FN:37,(anonymous_3)
FN:46,(anonymous_4)
FN:50,(anonymous_5)
FNF:5
FNH:5
FNDA:4,(anonymous_1)
FNDA:4,(anonymous_2)
FNDA:2,(anonymous_3)
FNDA:1,(anonymous_4)
FNDA:1,(anonymous_5)
DA:17,1
DA:22,2
DA:25,1
DA:33,4
DA:38,2
DA:39,1
DA:41,1
DA:46,1
DA:47,1
DA:50,1
DA:51,1
LF:11
LH:11
BRDA:38,0,0,1
BRDA:38,0,1,1
BRF:2
BRH:2
end_of_record
TN:
SF:E:\E_AllCode\vue2.0-project\vue-typeScript\src\store\actions.ts
FN:5,getData
FN:12,(anonymous_1)
FN:15,(anonymous_2)
FNF:3
FNH:3
FNDA:1,getData
FNDA:2,(anonymous_1)
FNDA:1,(anonymous_2)
DA:2,2
DA:6,1
DA:7,1
DA:8,1
DA:11,2
DA:13,2
DA:16,1
DA:17,1
LF:8
LH:8
BRF:0
BRH:0
end_of_record
TN:
SF:E:\E_AllCode\vue2.0-project\vue-typeScript\src\store\data.ts
FNF:0
FNH:0
DA:1,2
LF:1
LH:1
BRF:0
BRH:0
end_of_record
TN:
SF:E:\E_AllCode\vue2.0-project\vue-typeScript\src\store\index.ts
FNF:0
FNH:0
DA:1,2
DA:2,2
DA:4,2
DA:6,2
DA:7,2
DA:8,2
DA:10,2
LF:7
LH:7
BRF:0
BRH:0
end_of_record
TN:
SF:E:\E_AllCode\vue2.0-project\vue-typeScript\src\store\mutations.ts
FN:5,(anonymous_0)
FN:9,(anonymous_1)
FNF:2
FNH:2
FNDA:2,(anonymous_0)
FNDA:1,(anonymous_1)
DA:1,2
DA:4,2
DA:6,2
DA:7,2
DA:10,1
LF:5
LH:5
BRF:0
BRH:0
end_of_record
TN:
SF:E:\E_AllCode\vue2.0-project\vue-typeScript\src\store\state.ts
FNF:0
FNH:0
DA:1,2
LF:1
LH:1
BRF:0
BRH:0
end_of_record
